Downloading libsdl-org-SDL-release-2.30.10.tar.gz
Successfully downloaded libsdl-org-SDL-release-2.30.10.tar.gz.
-- Extracting source C:/Users/musta/AppData/Local/vcpkg/downloads/libsdl-org-SDL-release-2.30.10.tar.gz
-- Applying patch deps.patch
-- Applying patch alsa-dep-fix.patch
-- Applying patch cxx-linkage-pkgconfig.diff
-- Using source at C:/Users/musta/Downloads/cpsc2376-martinez-main/cpsc2376-martinez-main/practice/practice12/project12/vcpkg_installed/x64-windows/vcpkg/blds/sdl2/src/se-2.30.10-24d142036b.clean
-- Found external ninja('1.12.1').
-- Configuring x64-windows
-- Building x64-windows-dbg
-- Building x64-windows-rel
-- Fixing pkgconfig file: C:/Users/musta/Downloads/cpsc2376-martinez-main/cpsc2376-martinez-main/practice/practice12/project12/vcpkg_installed/x64-windows/vcpkg/pkgs/sdl2_x64-windows/lib/pkgconfig/sdl2.pc
Downloading msys2-mingw-w64-x86_64-pkgconf-1~2.3.0-1-any.pkg.tar.zst
Successfully downloaded msys2-mingw-w64-x86_64-pkgconf-1~2.3.0-1-any.pkg.tar.zst.
Downloading msys2-msys2-runtime-3.5.4-2-x86_64.pkg.tar.zst
Successfully downloaded msys2-msys2-runtime-3.5.4-2-x86_64.pkg.tar.zst.
-- Using msys root at C:/Users/musta/AppData/Local/vcpkg/downloads/tools/msys2/21caed2f81ec917b
-- Fixing pkgconfig file: C:/Users/musta/Downloads/cpsc2376-martinez-main/cpsc2376-martinez-main/practice/practice12/project12/vcpkg_installed/x64-windows/vcpkg/pkgs/sdl2_x64-windows/debug/lib/pkgconfig/sdl2.pc
-- Installing: C:/Users/musta/Downloads/cpsc2376-martinez-main/cpsc2376-martinez-main/practice/practice12/project12/vcpkg_installed/x64-windows/vcpkg/pkgs/sdl2_x64-windows/share/sdl2/usage
-- Installing: C:/Users/musta/Downloads/cpsc2376-martinez-main/cpsc2376-martinez-main/practice/practice12/project12/vcpkg_installed/x64-windows/vcpkg/pkgs/sdl2_x64-windows/share/sdl2/copyright
-- Performing post-build validation
