  Installing vcpkg dependencies to C:\Users\musta\Downloads\cpsc2376-martinez-main\cpsc2376-martinez-main\practice\practice12\project12\vcpkg_installed\x64-windows\
  "C:\Program Files\Microsoft Visual Studio\2022\Community\VC\vcpkg\vcpkg.exe" install  --x-wait-for-lock --triplet "x64-windows" --vcpkg-root "C:\Program Files\Microsoft Visual Studio\2022\Community\VC\vcpkg\\" "--x-manifest-root=C:\Users\musta\Downloads\cpsc2376-martinez-main\cpsc2376-martinez-main\practice\practice12\project12\\" "--x-install-root=C:\Users\musta\Downloads\cpsc2376-martinez-main\cpsc2376-martinez-main\practice\practice12\project12\vcpkg_installed\x64-windows\\" 
  Fetching registry information from https://github.com/microsoft/vcpkg (HEAD)...
  A suitable version of cmake was not found (required v3.30.1).
  Downloading cmake-3.30.1-windows-i386.zip
  Successfully downloaded cmake-3.30.1-windows-i386.zip.
  Extracting cmake...
  A suitable version of 7zip was not found (required v24.9.0).
  Downloading 7z2409.7z.exe
  Successfully downloaded 7z2409.7z.exe.
  Extracting 7zip...
  A suitable version of 7zr was not found (required v24.9.0).
  Downloading 44D8504A-7zr.exe
  Successfully downloaded 44D8504A-7zr.exe.
  Detecting compiler hash for triplet x64-windows...
  A suitable version of powershell-core was not found (required v7.2.24).
  Downloading PowerShell-7.2.24-win-x64.zip
  Successfully downloaded PowerShell-7.2.24-win-x64.zip.
  Extracting powershell-core...
  Compiler found: C:/Program Files/Microsoft Visual Studio/2022/Community/VC/Tools/MSVC/14.43.34808/bin/Hostx64/x64/cl.exe
  The following packages will be built and installed:
      sdl2:x64-windows@2.30.10 -- C:\Users\musta\AppData\Local\vcpkg\registries\git-trees\c34f21447296be501bab81979e8d0698264b48c3
    * vcpkg-cmake:x64-windows@2024-04-23 -- C:\Users\musta\AppData\Local\vcpkg\registries\git-trees\e74aa1e8f93278a8e71372f1fa08c3df420eb840
    * vcpkg-cmake-config:x64-windows@2024-05-23 -- C:\Users\musta\AppData\Local\vcpkg\registries\git-trees\97a63e4bc1a17422ffe4eff71da53b4b561a7841
  Additional packages (*) will be modified to complete this operation.
  Restored 0 package(s) from C:\Users\musta\AppData\Local\vcpkg\archives in 1.48 ms. Use --debug to see more details.
  Installing 1/3 vcpkg-cmake-config:x64-windows@2024-05-23...
  Building vcpkg-cmake-config:x64-windows@2024-05-23...
  C:\Users\musta\AppData\Local\vcpkg\registries\git-trees\97a63e4bc1a17422ffe4eff71da53b4b561a7841: info: installing overlay port from here
  -- Installing: C:/Users/musta/Downloads/cpsc2376-martinez-main/cpsc2376-martinez-main/practice/practice12/project12/vcpkg_installed/x64-windows/vcpkg/pkgs/vcpkg-cmake-config_x64-windows/share/vcpkg-cmake-config/vcpkg_cmake_config_fixup.cmake
  -- Installing: C:/Users/musta/Downloads/cpsc2376-martinez-main/cpsc2376-martinez-main/practice/practice12/project12/vcpkg_installed/x64-windows/vcpkg/pkgs/vcpkg-cmake-config_x64-windows/share/vcpkg-cmake-config/vcpkg-port-config.cmake
  -- Installing: C:/Users/musta/Downloads/cpsc2376-martinez-main/cpsc2376-martinez-main/practice/practice12/project12/vcpkg_installed/x64-windows/vcpkg/pkgs/vcpkg-cmake-config_x64-windows/share/vcpkg-cmake-config/copyright
  -- Skipping post-build validation due to VCPKG_POLICY_EMPTY_PACKAGE
  Stored binaries in 1 destinations in 134 ms.
  Elapsed time to handle vcpkg-cmake-config:x64-windows: 353 ms
  vcpkg-cmake-config:x64-windows package ABI: 800a3273ef6e6f9a19a62509ca54c1a581d798d55791804eb635f15adf6edae7
  Installing 2/3 vcpkg-cmake:x64-windows@2024-04-23...
  Building vcpkg-cmake:x64-windows@2024-04-23...
  C:\Users\musta\AppData\Local\vcpkg\registries\git-trees\e74aa1e8f93278a8e71372f1fa08c3df420eb840: info: installing overlay port from here
  -- Installing: C:/Users/musta/Downloads/cpsc2376-martinez-main/cpsc2376-martinez-main/practice/practice12/project12/vcpkg_installed/x64-windows/vcpkg/pkgs/vcpkg-cmake_x64-windows/share/vcpkg-cmake/vcpkg_cmake_configure.cmake
  -- Installing: C:/Users/musta/Downloads/cpsc2376-martinez-main/cpsc2376-martinez-main/practice/practice12/project12/vcpkg_installed/x64-windows/vcpkg/pkgs/vcpkg-cmake_x64-windows/share/vcpkg-cmake/vcpkg_cmake_build.cmake
  -- Installing: C:/Users/musta/Downloads/cpsc2376-martinez-main/cpsc2376-martinez-main/practice/practice12/project12/vcpkg_installed/x64-windows/vcpkg/pkgs/vcpkg-cmake_x64-windows/share/vcpkg-cmake/vcpkg_cmake_install.cmake
  -- Installing: C:/Users/musta/Downloads/cpsc2376-martinez-main/cpsc2376-martinez-main/practice/practice12/project12/vcpkg_installed/x64-windows/vcpkg/pkgs/vcpkg-cmake_x64-windows/share/vcpkg-cmake/vcpkg-port-config.cmake
  -- Installing: C:/Users/musta/Downloads/cpsc2376-martinez-main/cpsc2376-martinez-main/practice/practice12/project12/vcpkg_installed/x64-windows/vcpkg/pkgs/vcpkg-cmake_x64-windows/share/vcpkg-cmake/copyright
  -- Performing post-build validation
  Stored binaries in 1 destinations in 92.1 ms.
  Elapsed time to handle vcpkg-cmake:x64-windows: 362 ms
  vcpkg-cmake:x64-windows package ABI: b47d04892b34ef92efbc56aa20f60db8f303a5a2ee4422863d5787cd930787b4
  Installing 3/3 sdl2:x64-windows@2.30.10...
  Building sdl2:x64-windows@2.30.10...
  C:\Users\musta\AppData\Local\vcpkg\registries\git-trees\c34f21447296be501bab81979e8d0698264b48c3: info: installing overlay port from here
  Downloading libsdl-org-SDL-release-2.30.10.tar.gz
  Successfully downloaded libsdl-org-SDL-release-2.30.10.tar.gz.
  -- Extracting source C:/Users/musta/AppData/Local/vcpkg/downloads/libsdl-org-SDL-release-2.30.10.tar.gz
  -- Applying patch deps.patch
  -- Applying patch alsa-dep-fix.patch
  -- Applying patch cxx-linkage-pkgconfig.diff
  -- Using source at C:/Users/musta/Downloads/cpsc2376-martinez-main/cpsc2376-martinez-main/practice/practice12/project12/vcpkg_installed/x64-windows/vcpkg/blds/sdl2/src/se-2.30.10-24d142036b.clean
  -- Found external ninja('1.12.1').
  -- Configuring x64-windows
  -- Building x64-windows-dbg
  -- Building x64-windows-rel
  -- Fixing pkgconfig file: C:/Users/musta/Downloads/cpsc2376-martinez-main/cpsc2376-martinez-main/practice/practice12/project12/vcpkg_installed/x64-windows/vcpkg/pkgs/sdl2_x64-windows/lib/pkgconfig/sdl2.pc
  Downloading msys2-mingw-w64-x86_64-pkgconf-1~2.3.0-1-any.pkg.tar.zst
  Successfully downloaded msys2-mingw-w64-x86_64-pkgconf-1~2.3.0-1-any.pkg.tar.zst.
  Downloading msys2-msys2-runtime-3.5.4-2-x86_64.pkg.tar.zst
  Successfully downloaded msys2-msys2-runtime-3.5.4-2-x86_64.pkg.tar.zst.
  -- Using msys root at C:/Users/musta/AppData/Local/vcpkg/downloads/tools/msys2/21caed2f81ec917b
  -- Fixing pkgconfig file: C:/Users/musta/Downloads/cpsc2376-martinez-main/cpsc2376-martinez-main/practice/practice12/project12/vcpkg_installed/x64-windows/vcpkg/pkgs/sdl2_x64-windows/debug/lib/pkgconfig/sdl2.pc
  -- Installing: C:/Users/musta/Downloads/cpsc2376-martinez-main/cpsc2376-martinez-main/practice/practice12/project12/vcpkg_installed/x64-windows/vcpkg/pkgs/sdl2_x64-windows/share/sdl2/usage
  -- Installing: C:/Users/musta/Downloads/cpsc2376-martinez-main/cpsc2376-martinez-main/practice/practice12/project12/vcpkg_installed/x64-windows/vcpkg/pkgs/sdl2_x64-windows/share/sdl2/copyright
  -- Performing post-build validation
  Stored binaries in 1 destinations in 2.2 s.
  Elapsed time to handle sdl2:x64-windows: 1.6 min
  sdl2:x64-windows package ABI: 6238a8a1f2bceb4b2571926631c7f7ba48349a6183e43bf249aae585de02fadb
  Total install time: 1.6 min
  sdl2 provides CMake targets:
  
      find_package(SDL2 CONFIG REQUIRED)
      target_link_libraries(main
          PRIVATE
          $<TARGET_NAME_IF_EXISTS:SDL2::SDL2main>
          $<IF:$<TARGET_EXISTS:SDL2::SDL2>,SDL2::SDL2,SDL2::SDL2-static>
      )
  
  project12.cpp
  project12.vcxproj -> C:\Users\musta\Downloads\cpsc2376-martinez-main\cpsc2376-martinez-main\practice\practice12\project12\x64\Debug\project12.exe
